c:\users\123\source\repos\qt_resolver\qt_resolver\debug\qt_resolver.pch
c:\users\123\source\repos\qt_resolver\qt_resolver\debug\vc142.pdb
c:\users\123\source\repos\qt_resolver\qt_resolver\debug\vc142.idb
c:\users\123\source\repos\qt_resolver\qt_resolver\debug\pch.obj
c:\users\123\source\repos\qt_resolver\qt_resolver\debug\resolverobjdp.obj
c:\users\123\source\repos\qt_resolver\qt_resolver\debug\pluginmain.obj
c:\users\123\source\repos\qt_resolver\qt_resolver\debug\plugin.obj
c:\users\123\source\repos\qt_resolver\qt_resolver\debug\metastrdata.obj
c:\users\123\source\repos\qt_resolver\qt_resolver\debug\metadata.obj
c:\users\123\source\repos\qt_resolver\debug\qt_resolver.dp32
c:\users\123\source\repos\qt_resolver\debug\qt_resolver.ilk
c:\users\123\source\repos\qt_resolver\debug\qt_resolver.pdb
c:\users\123\source\repos\qt_resolver\debug\qt_resolver.lib
c:\users\123\source\repos\qt_resolver\debug\qt_resolver.exp
c:\users\123\source\repos\qt_resolver\qt_resolver\debug\qt_resolver.tlog\cl.command.1.tlog
c:\users\123\source\repos\qt_resolver\qt_resolver\debug\qt_resolver.tlog\cl.read.1.tlog
c:\users\123\source\repos\qt_resolver\qt_resolver\debug\qt_resolver.tlog\cl.write.1.tlog
c:\users\123\source\repos\qt_resolver\qt_resolver\debug\qt_resolver.tlog\link.command.1.tlog
c:\users\123\source\repos\qt_resolver\qt_resolver\debug\qt_resolver.tlog\link.read.1.tlog
c:\users\123\source\repos\qt_resolver\qt_resolver\debug\qt_resolver.tlog\link.write.1.tlog
c:\users\123\source\repos\qt_resolver\qt_resolver\debug\qt_resolver.tlog\qt_resolver.write.1u.tlog
