c:\users\123\desktop\qt5_resolver\qt_resolver\release\qt_resolver.pch
c:\users\123\desktop\qt5_resolver\qt_resolver\release\vc142.pdb
c:\users\123\desktop\qt5_resolver\qt_resolver\release\pch.obj
c:\users\123\desktop\qt5_resolver\qt_resolver\release\resolverobjdp.obj
c:\users\123\desktop\qt5_resolver\qt_resolver\release\pluginmain.obj
c:\users\123\desktop\qt5_resolver\qt_resolver\release\plugin.obj
c:\users\123\desktop\qt5_resolver\qt_resolver\release\metastrdata.obj
c:\users\123\desktop\qt5_resolver\qt_resolver\release\metadata.obj
c:\users\123\desktop\qt5_resolver\release\qt_resolver.dp32
c:\users\123\desktop\qt5_resolver\release\qt_resolver.pdb
c:\users\123\desktop\qt5_resolver\release\qt_resolver.lib
c:\users\123\desktop\qt5_resolver\release\qt_resolver.exp
c:\users\123\desktop\qt5_resolver\release\qt_resolver.ipdb
c:\users\123\desktop\qt5_resolver\release\qt_resolver.iobj
c:\users\123\desktop\qt5_resolver\qt_resolver\release\qt_resolver.tlog\cl.command.1.tlog
c:\users\123\desktop\qt5_resolver\qt_resolver\release\qt_resolver.tlog\cl.read.1.tlog
c:\users\123\desktop\qt5_resolver\qt_resolver\release\qt_resolver.tlog\cl.write.1.tlog
c:\users\123\desktop\qt5_resolver\qt_resolver\release\qt_resolver.tlog\link.command.1.tlog
c:\users\123\desktop\qt5_resolver\qt_resolver\release\qt_resolver.tlog\link.read.1.tlog
c:\users\123\desktop\qt5_resolver\qt_resolver\release\qt_resolver.tlog\link.write.1.tlog
c:\users\123\desktop\qt5_resolver\qt_resolver\release\qt_resolver.tlog\qt_resolver.write.1u.tlog
